<?xml version="1.0" encoding="UTF-8"?>
<testsuite xmlns:xsi="http://www.w3.org/2001/XMLSchema-instance" xsi:noNamespaceSchemaLocation="https://maven.apache.org/surefire/maven-surefire-plugin/xsd/surefire-test-report.xsd" version="3.0.2" name="com.example.weather.WeatherApplicationTests" time="3.152" tests="1" errors="0" skipped="0" failures="0" flakes="0">
  <properties>
[...]
</properties>
  <testcase name="contextLoads" classname="com.example.weather.WeatherApplicationTests" time="0.605">
    <system-out><![CDATA[12:01:06.376 [main] INFO org.springframework.test.context.support.AnnotationConfigContextLoaderUtils -- Could not detect default configuration classes for test class [com.example.weather.WeatherApplicationTests]: WeatherApplicationTests does not declare any static, non-private, non-final, nested classes annotated with @Configuration.
12:01:06.482 [main] INFO org.springframework.boot.test.context.SpringBootTestContextBootstrapper -- Found @SpringBootConfiguration com.example.weather.WeatherApplication for test class com.example.weather.WeatherApplicationTests
12:01:06.572 [main] INFO org.springframework.test.context.support.AnnotationConfigContextLoaderUtils -- Could not detect default configuration classes for test class [com.example.weather.WeatherApplicationTests]: WeatherApplicationTests does not declare any static, non-private, non-final, nested classes annotated with @Configuration.
12:01:06.574 [main] INFO org.springframework.boot.test.context.SpringBootTestContextBootstrapper -- Found @SpringBootConfiguration com.example.weather.WeatherApplication for test class com.example.weather.WeatherApplicationTests

  .   ____          _            __ _ _
 /\\ / ___'_ __ _ _(_)_ __  __ _ \ \ \ \
( ( )\___ | '_ | '_| | '_ \/ _` | \ \ \ \
 \\/  ___)| |_)| | | | | || (_| |  ) ) ) )
  '  |____| .__|_| |_|_| |_\__, | / / / /
 =========|_|==============|___/=/_/_/_/

 :: Spring Boot ::                (v4.1.0)

2026-06-22T12:01:06.896+03:00  INFO 5956 --- [           main] c.e.weather.WeatherApplicationTests      : Starting WeatherApplicationTests using Java 21.0.11 with PID 5956 (started by user in C:\Users\user\Desktop\Практика2026\Task21\weather-service)
2026-06-22T12:01:06.898+03:00  INFO 5956 --- [           main] c.e.weather.WeatherApplicationTests      : No active profile set, falling back to 1 default profile: "default"
2026-06-22T12:01:08.633+03:00  INFO 5956 --- [           main] c.e.weather.WeatherApplicationTests      : Started WeatherApplicationTests in 2.002 seconds (process running for 3.331)
]]></system-out>
    <system-err><![CDATA[Mockito is currently self-attaching to enable the inline-mock-maker. This will no longer work in future releases of the JDK. Please add Mockito as an agent to your build as described in Mockito's documentation: https://javadoc.io/doc/org.mockito/mockito-core/latest/org.mockito/org/mockito/Mockito.html#0.3
WARNING: A Java agent has been loaded dynamically (C:\Users\user\.m2\repository\net\bytebuddy\byte-buddy-agent\1.18.10\byte-buddy-agent-1.18.10.jar)
WARNING: If a serviceability tool is in use, please run with -XX:+EnableDynamicAgentLoading to hide this warning
WARNING: If a serviceability tool is not in use, please run with -Djdk.instrument.traceUsage for more information
WARNING: Dynamic loading of agents will be disallowed by default in a future release
]]></system-err>
  </testcase>
</testsuite>